{"logTime": "0705/135341", "correlationVector":"7+rXu20HZ3tLw/fG83f1m0.0","action":"FeedSettingFetch_homeCloud", "result":"0", "context":{}}
{"logTime": "0705/135405", "correlationVector":"eYl4SRfCEFqxBRCf+0DOMv.1","action":"SyncServerConnectionManagerRequest", "result":"SYNC_SERVER_OK", "context":{"environment":"Prod_SoutheastAsia_000j", "migrationStage":"NotStarted", "server":"GENERAL0100000X"}}
{"logTime": "0705/135405", "correlationVector":"eYl4SRfCEFqxBRCf+0DOMv","action":"Initial GetUpdates", "result":"", "context":Reason: NEW_CLIENT. cV=eYl4SRfCEFqxBRCf+0DOMv}
{"logTime": "0705/135405", "correlationVector":"eYl4SRfCEFqxBRCf+0DOMv.2","action":"GetUpdates Response", "result":"SYNCER_OK", "context":Received 1 update(s). cV=eYl4SRfCEFqxBRCf+0DOMv.0;server=GENERAL0100000X;cloudType=Consumer;environment=Prod_SoutheastAsia_000j;migrationStage=NotStarted}
{"logTime": "0705/135437", "correlationVector":"","action":"SyncServerConnectionManagerRequest", "result":"CONNECTION_UNAVAILABLE", "context":{"error_type":"net_error_code", "error_value":"-101"}}
{"logTime": "0705/135437", "correlationVector":"81SMJyMhKG9HBTh1oMzzic","action":"Initial GetUpdates", "result":"", "context":Reason: NEW_CLIENT. cV=81SMJyMhKG9HBTh1oMzzic}
{"logTime": "0705/135439", "correlationVector":"81SMJyMhKG9HBTh1oMzzic.1","action":"SyncServerConnectionManagerRequest", "result":"SYNC_SERVER_OK", "context":{"environment":"Prod_SoutheastAsia_000j", "migrationStage":"NotStarted", "server":"GENERAL0100000W"}}
{"logTime": "0705/135439", "correlationVector":"81SMJyMhKG9HBTh1oMzzic.2","action":"GetUpdates Response", "result":"SYNCER_OK", "context":Received 8 update(s). cV=81SMJyMhKG9HBTh1oMzzic.0;server=GENERAL0100000W;cloudType=Consumer;environment=Prod_SoutheastAsia_000j;migrationStage=NotStarted}
{"logTime": "0705/135448", "correlationVector":"mbD3NSMqGTtGUPumIO8yfW","action":"SyncServerConnectionManagerRequest", "result":"SYNC_SERVER_OK", "context":{"environment":"", "migrationStage":"", "server":""}}
{"logTime": "0705/135448", "correlationVector":"Kbm3SWt5AEG7ZGBvPOWj8f","action":"Normal GetUpdate request", "result":"", "context":cV=Kbm3SWt5AEG7ZGBvPOWj8f
Nudged types: Device Info, User Consents
Refresh requested types: Device Info, User Consents, Send Tab To Self, Encryption Keys}
{"logTime": "0705/135456", "correlationVector":"Kbm3SWt5AEG7ZGBvPOWj8f.1","action":"SyncServerConnectionManagerRequest", "result":"SYNC_SERVER_OK", "context":{"environment":"Prod_SoutheastAsia_000j", "migrationStage":"NotStarted", "server":"GENERAL0100000L"}}
{"logTime": "0705/135457", "correlationVector":"Kbm3SWt5AEG7ZGBvPOWj8f.2","action":"GetUpdates Response", "result":"SYNCER_OK", "context":Received 0 update(s). cV=Kbm3SWt5AEG7ZGBvPOWj8f.0;server=GENERAL0100000L;cloudType=Consumer;environment=Prod_SoutheastAsia_000j;migrationStage=NotStarted}
{"logTime": "0705/135457", "correlationVector":"fNIRvhAY/5DldNbEAkGx/K","action":"Commit Request", "result":"", "context":Item count: 1
Contributing types: Device Info}
{"logTime": "0705/135500", "correlationVector":"fNIRvhAY/5DldNbEAkGx/K.1","action":"SyncServerConnectionManagerRequest", "result":"SYNC_SERVER_OK", "context":{"environment":"Prod_SoutheastAsia_000j", "migrationStage":"NotStarted", "server":"GENERAL0100000Z"}}
{"logTime": "0705/135500", "correlationVector":"fNIRvhAY/5DldNbEAkGx/K.2","action":"Commit Response", "result":"SYNCER_OK", "context":Result: SYNCER_OK. cV=fNIRvhAY/5DldNbEAkGx/K.0;server=GENERAL0100000Z;cloudType=Consumer;environment=Prod_SoutheastAsia_000j;migrationStage=NotStarted}
{"logTime": "0705/135500", "correlationVector":"DlXUtQUrhLXhuvgrLNH8kr","action":"Commit Request", "result":"", "context":Item count: 2
Contributing types: User Consents}
{"logTime": "0705/135500", "correlationVector":"DlXUtQUrhLXhuvgrLNH8kr.1","action":"SyncServerConnectionManagerRequest", "result":"SYNC_SERVER_OK", "context":{"environment":"Prod_SoutheastAsia_000j", "migrationStage":"NotStarted", "server":"general01000009"}}
{"logTime": "0705/135500", "correlationVector":"DlXUtQUrhLXhuvgrLNH8kr.2","action":"Commit Response", "result":"SYNCER_OK", "context":Result: SYNCER_OK. cV=DlXUtQUrhLXhuvgrLNH8kr.0;server=general01000009;cloudType=Consumer;environment=Prod_SoutheastAsia_000j;migrationStage=NotStarted}
{"logTime": "0705/135500", "correlationVector":"3FHlgoLdek7/IFap+YYBT2","action":"Normal GetUpdate request", "result":"", "context":cV=3FHlgoLdek7/IFap+YYBT2
Nudged types: Device Info
Refresh requested types: Device Info, User Consents, Send Tab To Self, Encryption Keys}
{"logTime": "0705/135501", "correlationVector":"3FHlgoLdek7/IFap+YYBT2.1","action":"SyncServerConnectionManagerRequest", "result":"SYNC_SERVER_OK", "context":{"environment":"Prod_SoutheastAsia_000j", "migrationStage":"NotStarted", "server":"GENERAL0100001D"}}
{"logTime": "0705/135501", "correlationVector":"3FHlgoLdek7/IFap+YYBT2.2","action":"GetUpdates Response", "result":"SYNCER_OK", "context":Received 1 update(s). cV=3FHlgoLdek7/IFap+YYBT2.0;server=GENERAL0100001D;cloudType=Consumer;environment=Prod_SoutheastAsia_000j;migrationStage=NotStarted}
{"logTime": "0705/140531", "correlationVector":"GZlzuUJVF6425/VgWoXRIf.1","action":"SyncServerConnectionManagerRequest", "result":"SYNC_SERVER_OK", "context":{"environment":"Prod_SoutheastAsia_000j", "migrationStage":"NotStarted", "server":"GENERAL0100000Q"}}
{"logTime": "0705/140531", "correlationVector":"GZlzuUJVF6425/VgWoXRIf","action":"Initial GetUpdates", "result":"", "context":Reason: NEW_CLIENT. cV=GZlzuUJVF6425/VgWoXRIf}
{"logTime": "0705/140531", "correlationVector":"GZlzuUJVF6425/VgWoXRIf.2","action":"GetUpdates Response", "result":"SYNCER_OK", "context":Received 1 update(s). cV=GZlzuUJVF6425/VgWoXRIf.0;server=GENERAL0100000Q;cloudType=Consumer;environment=Prod_SoutheastAsia_000j;migrationStage=NotStarted}
{"logTime": "0705/140531", "correlationVector":"jQi8sYFus6M5GwzYU1W6uu.0","action":"FeedSettingFetch_homeCloud", "result":"0", "context":{}}
{"logTime": "0705/140531", "correlationVector":"RkI5Y6wSB3M4P4n99gYDiJ","action":"Normal GetUpdate request", "result":"", "context":cV=RkI5Y6wSB3M4P4n99gYDiJ
Nudged types: User Consents
Refresh requested types: Device Info, User Consents, Send Tab To Self, Encryption Keys}
{"logTime": "0705/140531", "correlationVector":"RkI5Y6wSB3M4P4n99gYDiJ.1","action":"SyncServerConnectionManagerRequest", "result":"SYNC_SERVER_OK", "context":{"environment":"Prod_SoutheastAsia_000j", "migrationStage":"NotStarted", "server":"general0100001F"}}
{"logTime": "0705/140531", "correlationVector":"RkI5Y6wSB3M4P4n99gYDiJ.2","action":"GetUpdates Response", "result":"SYNCER_OK", "context":Received 1 update(s). cV=RkI5Y6wSB3M4P4n99gYDiJ.0;server=general0100001F;cloudType=Consumer;environment=Prod_SoutheastAsia_000j;migrationStage=NotStarted}
{"logTime": "0705/140531", "correlationVector":"it9zOEoRO6Sf0boxzeYq9p","action":"Commit Request", "result":"", "context":Item count: 1
Contributing types: User Consents}
{"logTime": "0705/140531", "correlationVector":"it9zOEoRO6Sf0boxzeYq9p.1","action":"SyncServerConnectionManagerRequest", "result":"SYNC_SERVER_OK", "context":{"environment":"Prod_SoutheastAsia_000j", "migrationStage":"NotStarted", "server":"general0100001F"}}
{"logTime": "0705/140531", "correlationVector":"it9zOEoRO6Sf0boxzeYq9p.2","action":"Commit Response", "result":"SYNCER_OK", "context":Result: SYNCER_OK. cV=it9zOEoRO6Sf0boxzeYq9p.0;server=general0100001F;cloudType=Consumer;environment=Prod_SoutheastAsia_000j;migrationStage=NotStarted}
{"logTime": "0705/140539", "correlationVector":"SzFZCUoO8b0OgG992clgFF","action":"SyncServerConnectionManagerRequest", "result":"SYNC_SERVER_OK", "context":{"environment":"", "migrationStage":"", "server":""}}
{"logTime": "0705/140539", "correlationVector":"MGDSkY6E1RQ87y1ZbnVFL9","action":"Normal GetUpdate request", "result":"", "context":cV=MGDSkY6E1RQ87y1ZbnVFL9
Refresh requested types: Encryption Keys}
{"logTime": "0705/140540", "correlationVector":"MGDSkY6E1RQ87y1ZbnVFL9.1","action":"SyncServerConnectionManagerRequest", "result":"SYNC_SERVER_OK", "context":{"environment":"Prod_SoutheastAsia_000j", "migrationStage":"NotStarted", "server":"general0100000M"}}
{"logTime": "0705/140540", "correlationVector":"MGDSkY6E1RQ87y1ZbnVFL9.2","action":"GetUpdates Response", "result":"SYNCER_OK", "context":Received 0 update(s). cV=MGDSkY6E1RQ87y1ZbnVFL9.0;server=general0100000M;cloudType=Consumer;environment=Prod_SoutheastAsia_000j;migrationStage=NotStarted}
{"logTime": "0705/140540", "correlationVector":"k6E9Mkg8B0SiRUTP0LpgjB","action":"Initial GetUpdates", "result":"", "context":Reason: NEWLY_SUPPORTED_DATATYPE. cV=k6E9Mkg8B0SiRUTP0LpgjB}
{"logTime": "0705/140541", "correlationVector":"k6E9Mkg8B0SiRUTP0LpgjB.1","action":"SyncServerConnectionManagerRequest", "result":"SYNC_SERVER_OK", "context":{"environment":"Prod_SoutheastAsia_000j", "migrationStage":"NotStarted", "server":"GENERAL0100001B"}}
{"logTime": "0705/140541", "correlationVector":"k6E9Mkg8B0SiRUTP0LpgjB.2","action":"GetUpdates Response", "result":"SYNCER_OK", "context":Received 29 update(s). cV=k6E9Mkg8B0SiRUTP0LpgjB.0;server=GENERAL0100001B;cloudType=Consumer;environment=Prod_SoutheastAsia_000j;migrationStage=NotStarted}
{"logTime": "0705/140541", "correlationVector":"YSSeDdl5eXkPbFGNqppmQH","action":"Initial GetUpdates", "result":"", "context":Reason: NEWLY_SUPPORTED_DATATYPE. cV=YSSeDdl5eXkPbFGNqppmQH}
{"logTime": "0705/140542", "correlationVector":"YSSeDdl5eXkPbFGNqppmQH.1","action":"SyncServerConnectionManagerRequest", "result":"SYNC_SERVER_OK", "context":{"environment":"Prod_SoutheastAsia_000j", "migrationStage":"NotStarted", "server":"GENERAL0100000A"}}
{"logTime": "0705/140542", "correlationVector":"YSSeDdl5eXkPbFGNqppmQH.2","action":"GetUpdates Response", "result":"SYNCER_OK", "context":Received 5 update(s). cV=YSSeDdl5eXkPbFGNqppmQH.0;server=GENERAL0100000A;cloudType=Consumer;environment=Prod_SoutheastAsia_000j;migrationStage=NotStarted}
{"logTime": "0705/140543", "correlationVector":"J+/e5G4odg4EyeIGZCx7SS","action":"Initial GetUpdates", "result":"", "context":Reason: NEWLY_SUPPORTED_DATATYPE. cV=J+/e5G4odg4EyeIGZCx7SS}
{"logTime": "0705/140546", "correlationVector":"J+/e5G4odg4EyeIGZCx7SS.1","action":"SyncServerConnectionManagerRequest", "result":"SYNC_SERVER_OK", "context":{"environment":"Prod_SoutheastAsia_000j", "migrationStage":"NotStarted", "server":"GENERAL0100000L"}}
{"logTime": "0705/140546", "correlationVector":"J+/e5G4odg4EyeIGZCx7SS.2","action":"GetUpdates", "result":"DeleteReceived", "context":{"id":"75f5658a-b1b1-4d57-a6cc-b2783a9af79c", "isDeleted:":"true", "version":"1681456138516"}}
{"logTime": "0705/140546", "correlationVector":"J+/e5G4odg4EyeIGZCx7SS.3","action":"GetUpdates", "result":"DeleteReceived", "context":{"id":"ab31be2f-ffc3-4182-9848-6f23a65e782a", "isDeleted:":"true", "version":"1683204235538"}}
{"logTime": "0705/140546", "correlationVector":"J+/e5G4odg4EyeIGZCx7SS.4","action":"GetUpdates", "result":"DeleteReceived", "context":{"id":"5f53b99b-6491-4376-bbc4-48cf3e925663", "isDeleted:":"true", "version":"1683204235539"}}
{"logTime": "0705/140546", "correlationVector":"J+/e5G4odg4EyeIGZCx7SS.5","action":"GetUpdates", "result":"DeleteReceived", "context":{"id":"2710b8d5-14eb-49d3-9574-14fdf99431db", "isDeleted:":"true", "version":"1683204235540"}}
{"logTime": "0705/140546", "correlationVector":"J+/e5G4odg4EyeIGZCx7SS.6","action":"GetUpdates", "result":"DeleteReceived", "context":{"id":"c8fa275d-cfd4-45d2-85a2-0c24592bd3a4", "isDeleted:":"true", "version":"1683611723332"}}
{"logTime": "0705/140546", "correlationVector":"J+/e5G4odg4EyeIGZCx7SS.7","action":"GetUpdates", "result":"DeleteReceived", "context":{"id":"13017200-68b9-4b80-b18a-9c389c93880e", "isDeleted:":"true", "version":"1683621365765"}}
{"logTime": "0705/140546", "correlationVector":"J+/e5G4odg4EyeIGZCx7SS.8","action":"GetUpdates", "result":"DeleteReceived", "context":{"id":"85645573-aa6b-4871-b3c5-5692980e458f", "isDeleted:":"true", "version":"1683621365767"}}
{"logTime": "0705/140546", "correlationVector":"J+/e5G4odg4EyeIGZCx7SS.9","action":"GetUpdates", "result":"DeleteReceived", "context":{"id":"3a07d135-0a56-408d-bfe9-3807ebc22710", "isDeleted:":"true", "version":"1683621365768"}}
{"logTime": "0705/140546", "correlationVector":"J+/e5G4odg4EyeIGZCx7SS.10","action":"GetUpdates", "result":"DeleteReceived", "context":{"id":"97955361-14d6-4b10-b44c-6439e1f18a71", "isDeleted:":"true", "version":"1683621365769"}}
{"logTime": "0705/140546", "correlationVector":"J+/e5G4odg4EyeIGZCx7SS.11","action":"GetUpdates", "result":"DeleteReceived", "context":{"id":"8dbb42ee-d45d-472c-984d-5dc6e8bdedd5", "isDeleted:":"true", "version":"1683621365770"}}
{"logTime": "0705/140546", "correlationVector":"J+/e5G4odg4EyeIGZCx7SS.12","action":"GetUpdates", "result":"DeleteReceived", "context":{"id":"d47fbd2d-c5bc-471f-b937-e5cf807bad6d", "isDeleted:":"true", "version":"1683730371048"}}
{"logTime": "0705/140546", "correlationVector":"J+/e5G4odg4EyeIGZCx7SS.13","action":"GetUpdates", "result":"DeleteReceived", "context":{"id":"1c4ab064-a3ea-4cbc-87c8-79498132face", "isDeleted:":"true", "version":"1683731124216"}}
{"logTime": "0705/140546", "correlationVector":"J+/e5G4odg4EyeIGZCx7SS.14","action":"GetUpdates", "result":"DeleteReceived", "context":{"id":"4799b70e-d5a1-42e8-aac9-129722b246ab", "isDeleted:":"true", "version":"1683773234250"}}
{"logTime": "0705/140546", "correlationVector":"J+/e5G4odg4EyeIGZCx7SS.15","action":"GetUpdates", "result":"DeleteReceived", "context":{"id":"087ee5ef-a6cf-47d3-b512-ae02749f71ab", "isDeleted:":"true", "version":"1683863048534"}}
{"logTime": "0705/140546", "correlationVector":"J+/e5G4odg4EyeIGZCx7SS.16","action":"GetUpdates", "result":"DeleteReceived", "context":{"id":"6d4c75ab-e64b-4ff3-a604-ad679f024490", "isDeleted:":"true", "version":"1683865121623"}}
{"logTime": "0705/140546", "correlationVector":"J+/e5G4odg4EyeIGZCx7SS.17","action":"GetUpdates", "result":"DeleteReceived", "context":{"id":"7ae64e5f-35b4-4613-8f4e-d19279b51309", "isDeleted:":"true", "version":"1683865121625"}}
{"logTime": "0705/140546", "correlationVector":"J+/e5G4odg4EyeIGZCx7SS.18","action":"GetUpdates", "result":"DeleteReceived", "context":{"id":"58214817-9b68-4bea-a680-ad2d2edc8576", "isDeleted:":"true", "version":"1683865121626"}}
{"logTime": "0705/140546", "correlationVector":"J+/e5G4odg4EyeIGZCx7SS.19","action":"GetUpdates", "result":"DeleteReceived", "context":{"id":"bae93f11-b4b1-467d-a9aa-086575c3dc23", "isDeleted:":"true", "version":"1683865723130"}}
{"logTime": "0705/140546", "correlationVector":"J+/e5G4odg4EyeIGZCx7SS.20","action":"GetUpdates", "result":"DeleteReceived", "context":{"id":"30d090f7-8c6f-4b36-9b75-1101140b5b99", "isDeleted:":"true", "version":"1683865723131"}}
{"logTime": "0705/140546", "correlationVector":"J+/e5G4odg4EyeIGZCx7SS.21","action":"GetUpdates", "result":"DeleteReceived", "context":{"id":"4742cc05-8d17-42c7-a9b4-90392d772b1a", "isDeleted:":"true", "version":"1683865753858"}}
{"logTime": "0705/140546", "correlationVector":"J+/e5G4odg4EyeIGZCx7SS.22","action":"GetUpdates", "result":"DeleteReceived", "context":{"id":"3139cfb4-0cf9-48e4-9bac-b325e884274e", "isDeleted:":"true", "version":"1683865786444"}}
{"logTime": "0705/140546", "correlationVector":"J+/e5G4odg4EyeIGZCx7SS.23","action":"GetUpdates", "result":"DeleteReceived", "context":{"id":"d57f449f-4c95-4e0f-9348-e7def9c76624", "isDeleted:":"true", "version":"1683866193876"}}
{"logTime": "0705/140546", "correlationVector":"J+/e5G4odg4EyeIGZCx7SS.24","action":"GetUpdates", "result":"DeleteReceived", "context":{"id":"e43539bf-b69f-4240-81f7-7c7a3a1869b2", "isDeleted:":"true", "version":"1683866224666"}}
{"logTime": "0705/140546", "correlationVector":"J+/e5G4odg4EyeIGZCx7SS.25","action":"GetUpdates", "result":"DeleteReceived", "context":{"id":"90b64e9b-e0c8-4588-bb4a-413249daaa18", "isDeleted:":"true", "version":"1683866409875"}}
{"logTime": "0705/140546", "correlationVector":"J+/e5G4odg4EyeIGZCx7SS.26","action":"GetUpdates", "result":"DeleteReceived", "context":{"id":"dbc02ad7-b106-40e2-af5c-1ae134e7eb14", "isDeleted:":"true", "version":"1683876501301"}}
{"logTime": "0705/140546", "correlationVector":"J+/e5G4odg4EyeIGZCx7SS.27","action":"GetUpdates", "result":"DeleteReceived", "context":{"id":"e5ca795a-bd97-492f-a279-146bdb36983d", "isDeleted:":"true", "version":"1683876531999"}}
{"logTime": "0705/140546", "correlationVector":"J+/e5G4odg4EyeIGZCx7SS.28","action":"GetUpdates", "result":"DeleteReceived", "context":{"id":"77324e6d-b13a-43b8-84b3-dfbb15dfc29a", "isDeleted:":"true", "version":"1683881852225"}}
{"logTime": "0705/140546", "correlationVector":"J+/e5G4odg4EyeIGZCx7SS.29","action":"GetUpdates", "result":"DeleteReceived", "context":{"id":"a4371628-b7cb-4dc6-8826-d3575abfd1ae", "isDeleted:":"true", "version":"1683883013657"}}
{"logTime": "0705/140546", "correlationVector":"J+/e5G4odg4EyeIGZCx7SS.30","action":"GetUpdates", "result":"DeleteReceived", "context":{"id":"bafedc29-6509-41ed-978c-bb71cbb32f9b", "isDeleted:":"true", "version":"1683908642232"}}
{"logTime": "0705/140546", "correlationVector":"J+/e5G4odg4EyeIGZCx7SS.31","action":"GetUpdates", "result":"DeleteReceived", "context":{"id":"ec895f0b-e9f1-4f30-a459-803b7de601bf", "isDeleted:":"true", "version":"1684574506319"}}
{"logTime": "0705/140546", "correlationVector":"J+/e5G4odg4EyeIGZCx7SS.32","action":"GetUpdates", "result":"DeleteReceived", "context":{"id":"50bf015e-eeee-4fb8-ae79-34d94f712621", "isDeleted:":"true", "version":"1684575074278"}}
{"logTime": "0705/140546", "correlationVector":"J+/e5G4odg4EyeIGZCx7SS.33","action":"GetUpdates", "result":"DeleteReceived", "context":{"id":"cda729e3-af16-46b3-ab76-4516dfa71242", "isDeleted:":"true", "version":"1684575512023"}}
{"logTime": "0705/140546", "correlationVector":"J+/e5G4odg4EyeIGZCx7SS.34","action":"GetUpdates", "result":"DeleteReceived", "context":{"id":"cdd46722-2cc5-425e-b586-1b71b975cb11", "isDeleted:":"true", "version":"1684575512025"}}
{"logTime": "0705/140546", "correlationVector":"J+/e5G4odg4EyeIGZCx7SS.35","action":"GetUpdates", "result":"DeleteReceived", "context":{"id":"bb0ccb3a-a3cb-4eff-87d7-14c14a22447d", "isDeleted:":"true", "version":"1684576934217"}}
{"logTime": "0705/140546", "correlationVector":"J+/e5G4odg4EyeIGZCx7SS.36","action":"GetUpdates", "result":"DeleteReceived", "context":{"id":"39d2985e-cd9f-4e8c-ba59-3bae9f2af84e", "isDeleted:":"true", "version":"1684577876073"}}
{"logTime": "0705/140546", "correlationVector":"J+/e5G4odg4EyeIGZCx7SS.37","action":"GetUpdates", "result":"DeleteReceived", "context":{"id":"d3bef995-a574-4724-9861-333a726813d1", "isDeleted:":"true", "version":"1685507454641"}}
{"logTime": "0705/140546", "correlationVector":"J+/e5G4odg4EyeIGZCx7SS.38","action":"GetUpdates", "result":"DeleteReceived", "context":{"id":"50ef363c-77cc-4ed8-87dc-c97660a04458", "isDeleted:":"true", "version":"1685507454642"}}
{"logTime": "0705/140546", "correlationVector":"J+/e5G4odg4EyeIGZCx7SS.39","action":"GetUpdates", "result":"DeleteReceived", "context":{"id":"d8153338-f359-47a6-866f-25d8fb3fa7c9", "isDeleted:":"true", "version":"1685507454643"}}
{"logTime": "0705/140546", "correlationVector":"J+/e5G4odg4EyeIGZCx7SS.40","action":"GetUpdates", "result":"DeleteReceived", "context":{"id":"701028cc-360d-4a67-984a-00b8c1af15ba", "isDeleted:":"true", "version":"1685688111372"}}
{"logTime": "0705/140546", "correlationVector":"J+/e5G4odg4EyeIGZCx7SS.41","action":"GetUpdates", "result":"DeleteReceived", "context":{"id":"14a3b051-fe03-4f5d-9147-3047958319e5", "isDeleted:":"true", "version":"1686228196825"}}
{"logTime": "0705/140546", "correlationVector":"J+/e5G4odg4EyeIGZCx7SS.42","action":"GetUpdates", "result":"DeleteReceived", "context":{"id":"28d032ad-8a05-4722-a985-f0701c4ba395", "isDeleted:":"true", "version":"1686228196826"}}
{"logTime": "0705/140546", "correlationVector":"J+/e5G4odg4EyeIGZCx7SS.43","action":"GetUpdates", "result":"DeleteReceived", "context":{"id":"f2914314-3db3-4b6c-b69a-221e13b8b790", "isDeleted:":"true", "version":"1686228196827"}}
{"logTime": "0705/140546", "correlationVector":"J+/e5G4odg4EyeIGZCx7SS.44","action":"GetUpdates", "result":"DeleteReceived", "context":{"id":"730e7eb7-11f9-4f9b-938f-87a9c46d0f7d", "isDeleted:":"true", "version":"1686228196828"}}
{"logTime": "0705/140546", "correlationVector":"J+/e5G4odg4EyeIGZCx7SS.45","action":"GetUpdates", "result":"DeleteReceived", "context":{"id":"1c01cc3e-b41f-4abb-81f7-5d575ef57c7b", "isDeleted:":"true", "version":"1686469048769"}}
{"logTime": "0705/140546", "correlationVector":"J+/e5G4odg4EyeIGZCx7SS.46","action":"GetUpdates", "result":"DeleteReceived", "context":{"id":"472b9308-7030-414f-bd96-70337ca94b70", "isDeleted:":"true", "version":"1686839291915"}}
{"logTime": "0705/140546", "correlationVector":"J+/e5G4odg4EyeIGZCx7SS.47","action":"GetUpdates", "result":"DeleteReceived", "context":{"id":"2681f7dd-3d3f-44fe-ab9c-b5a450143a15", "isDeleted:":"true", "version":"1687252018251"}}
{"logTime": "0705/140546", "correlationVector":"J+/e5G4odg4EyeIGZCx7SS.48","action":"GetUpdates", "result":"DeleteReceived", "context":{"id":"f8eed64a-25e9-47cf-b7b7-c1ec48b785a4", "isDeleted:":"true", "version":"1687589191043"}}
{"logTime": "0705/140546", "correlationVector":"J+/e5G4odg4EyeIGZCx7SS.49","action":"GetUpdates Response", "result":"SYNCER_OK", "context":Received 73 update(s). cV=J+/e5G4odg4EyeIGZCx7SS.0;server=GENERAL0100000L;cloudType=Consumer;environment=Prod_SoutheastAsia_000j;migrationStage=NotStarted}
{"logTime": "0705/140546", "correlationVector":"54oj2dM0DMeqru/1w/j7cw","action":"Normal GetUpdate request", "result":"", "context":cV=54oj2dM0DMeqru/1w/j7cw
Nudged types: Sessions, Device Info
Refresh requested types: Bookmarks, Preferences, Passwords, Autofill Profiles, Autofill, Autofill Custom Data, Typed URLs, Extensions, Sessions, Extension settings, History Delete Directives, Device Info, User Consents, Send Tab To Self, Web Apps, Collection, Edge E Drop, Encryption Keys}
{"logTime": "0705/140548", "correlationVector":"54oj2dM0DMeqru/1w/j7cw.1","action":"SyncServerConnectionManagerRequest", "result":"SYNC_SERVER_OK", "context":{"environment":"Prod_SoutheastAsia_000j", "migrationStage":"NotStarted", "server":"GENERAL0100000C"}}
{"logTime": "0705/140548", "correlationVector":"54oj2dM0DMeqru/1w/j7cw.2","action":"GetUpdates Response", "result":"SYNCER_OK", "context":Received 0 update(s). cV=54oj2dM0DMeqru/1w/j7cw.0;server=GENERAL0100000C;cloudType=Consumer;environment=Prod_SoutheastAsia_000j;migrationStage=NotStarted}
{"logTime": "0705/140548", "correlationVector":"jNHZdGC2gnISEPav+Y3gNg","action":"Commit Request", "result":"", "context":Item count: 1
Contributing types: Device Info}
{"logTime": "0705/140549", "correlationVector":"jNHZdGC2gnISEPav+Y3gNg.1","action":"SyncServerConnectionManagerRequest", "result":"SYNC_SERVER_OK", "context":{"environment":"Prod_SoutheastAsia_000j", "migrationStage":"NotStarted", "server":"GENERAL01000008"}}
{"logTime": "0705/140549", "correlationVector":"jNHZdGC2gnISEPav+Y3gNg.2","action":"Commit Response", "result":"SYNCER_OK", "context":Result: SYNCER_OK. cV=jNHZdGC2gnISEPav+Y3gNg.0;server=GENERAL01000008;cloudType=Consumer;environment=Prod_SoutheastAsia_000j;migrationStage=NotStarted}
{"logTime": "0705/140549", "correlationVector":"3hCKJL0WWDD6kR1H8W6ubT","action":"Commit Request", "result":"", "context":Item count: 2
Contributing types: Sessions}
{"logTime": "0705/140550", "correlationVector":"3hCKJL0WWDD6kR1H8W6ubT.1","action":"SyncServerConnectionManagerRequest", "result":"SYNC_SERVER_OK", "context":{"environment":"Prod_SoutheastAsia_000j", "migrationStage":"NotStarted", "server":"GENERAL0100001H"}}
{"logTime": "0705/140550", "correlationVector":"3hCKJL0WWDD6kR1H8W6ubT.2","action":"Commit Response", "result":"SYNCER_OK", "context":Result: SYNCER_OK. cV=3hCKJL0WWDD6kR1H8W6ubT.0;server=GENERAL0100001H;cloudType=Consumer;environment=Prod_SoutheastAsia_000j;migrationStage=NotStarted}
{"logTime": "0705/140550", "correlationVector":"b+7soLhmbiAtyw5v8Yki4O","action":"Commit Request", "result":"", "context":Item count: 1
Contributing types: Sessions}
{"logTime": "0705/140551", "correlationVector":"b+7soLhmbiAtyw5v8Yki4O.1","action":"SyncServerConnectionManagerRequest", "result":"SYNC_SERVER_OK", "context":{"environment":"Prod_SoutheastAsia_000j", "migrationStage":"NotStarted", "server":"general0100000M"}}
{"logTime": "0705/140551", "correlationVector":"b+7soLhmbiAtyw5v8Yki4O.2","action":"Commit Response", "result":"SYNCER_OK", "context":Result: SYNCER_OK. cV=b+7soLhmbiAtyw5v8Yki4O.0;server=general0100000M;cloudType=Consumer;environment=Prod_SoutheastAsia_000j;migrationStage=NotStarted}
{"logTime": "0705/140652", "correlationVector":"zHFL+vU1uFJQt3F+3yZog+","action":"Commit Request", "result":"", "context":Item count: 1
Contributing types: Sessions}
{"logTime": "0705/140653", "correlationVector":"zHFL+vU1uFJQt3F+3yZog+.1","action":"SyncServerConnectionManagerRequest", "result":"SYNC_SERVER_OK", "context":{"environment":"Prod_SoutheastAsia_000j", "migrationStage":"NotStarted", "server":"GENERAL01000017"}}
{"logTime": "0705/140653", "correlationVector":"zHFL+vU1uFJQt3F+3yZog+.2","action":"Commit Response", "result":"SYNCER_OK", "context":Result: SYNCER_OK. cV=zHFL+vU1uFJQt3F+3yZog+.0;server=GENERAL01000017;cloudType=Consumer;environment=Prod_SoutheastAsia_000j;migrationStage=NotStarted}
{"logTime": "0705/140732", "correlationVector":"+hpO7IX+uo4cDc8HGqDkmP","action":"Commit Request", "result":"", "context":Item count: 1
Contributing types: Sessions}
{"logTime": "0705/140733", "correlationVector":"+hpO7IX+uo4cDc8HGqDkmP.1","action":"SyncServerConnectionManagerRequest", "result":"SYNC_SERVER_OK", "context":{"environment":"Prod_SoutheastAsia_000j", "migrationStage":"NotStarted", "server":"general0100000M"}}
{"logTime": "0705/140733", "correlationVector":"+hpO7IX+uo4cDc8HGqDkmP.2","action":"Commit Response", "result":"SYNCER_OK", "context":Result: SYNCER_OK. cV=+hpO7IX+uo4cDc8HGqDkmP.0;server=general0100000M;cloudType=Consumer;environment=Prod_SoutheastAsia_000j;migrationStage=NotStarted}
